[Running] go run "/home/jordanlanch/github.com/jordanlanch/pruebaIngreso/server.go"

   ____    __
  / __/___/ /  ___
 / _// __/ _ \/ _ \
/___/\__/_//_/\___/ v3.3.dev
High performance, minimalist Go web framework
https://echo.labstack.com
____________________________________O/_______
                                    O\
⇨ http server started on [::]:1323

[Done] exited with code=null in 369.666 seconds

[Running] go run "/home/jordanlanch/github.com/jordanlanch/go-amqp-example/publisher/publisher.go"
jordanlanch/go-amqp-example/publisher/publisher.go:8:2: cannot find package "github.com/streadway/amqp" in any of:
	/usr/local/go/src/github.com/streadway/amqp (from $GOROOT)
	/home/jordanlanch/go/src/github.com/streadway/amqp (from $GOPATH)

[Done] exited with code=1 in 0.05 seconds

[Running] go run "/home/jordanlanch/github.com/jordanlanch/go-amqp-example/publisher/publisher.go"
jordanlanch/go-amqp-example/publisher/publisher.go:8:2: cannot find package "github.com/streadway/amqp" in any of:
	/usr/local/go/src/github.com/streadway/amqp (from $GOROOT)
	/home/jordanlanch/go/src/github.com/streadway/amqp (from $GOPATH)

[Done] exited with code=1 in 0.089 seconds

[Running] go run "/home/jordanlanch/github.com/jordanlanch/go-amqp-example/publisher/publisher.go"
jordanlanch/go-amqp-example/publisher/publisher.go:8:2: cannot find package "github.com/streadway/amqp" in any of:
	/usr/local/go/src/github.com/streadway/amqp (from $GOROOT)
	/home/jordanlanch/go/src/github.com/streadway/amqp (from $GOPATH)

[Done] exited with code=1 in 0.078 seconds

[Running] go run "/home/jordanlanch/github.com/jordanlanch/go-amqp-example/publisher/publisher.go"
2018/11/29 00:14:06 Failed to connect to RabbitMQ: dial tcp [::1]:5672: connect: connection refused
exit status 1

[Done] exited with code=1 in 0.42 seconds

[Running] go run "/home/jordanlanch/github.com/jordanlanch/go-amqp-example/publisher/publisher.go"
2018/11/29 00:14:20 Failed to connect to RabbitMQ: dial tcp [::1]:5672: connect: connection refused
exit status 1

[Done] exited with code=1 in 0.467 seconds

[Running] go run "/home/jordanlanch/github.com/jordanlanch/go-amqp-example/publisher/publisher.go"
2018/11/29 00:43:48 Starting publisher...
2018/11/29 00:43:48 Failed to Publish on RabbitMQ: Exception (504) Reason: "channel/connection is not open"
exit status 1

[Done] exited with code=1 in 0.519 seconds

[Running] go run "/home/jordanlanch/github.com/jordanlanch/go-amqp-example/publisher/publisher.go"
2018/11/29 00:44:08 Starting publisher...
2018/11/29 00:44:08 Failed to Publish on RabbitMQ: Exception (504) Reason: "channel/connection is not open"
exit status 1

[Done] exited with code=1 in 0.379 seconds

[Running] go run "/home/jordanlanch/github.com/jordanlanch/go-amqp-example/publisher/publisher.go"
2018/11/29 00:49:08 Failed to connect to RabbitMQ: dial tcp [::1]:5672: connect: connection refused
exit status 1

[Done] exited with code=1 in 0.409 seconds

[Running] go run "/home/jordanlanch/github.com/jordanlanch/go-amqp-example/publisher/publisher.go"
2018/11/29 00:49:39 Starting publisher...
2018/11/29 00:49:39 Failed to Publish on RabbitMQ: Exception (504) Reason: "channel/connection is not open"
exit status 1

[Done] exited with code=1 in 0.422 seconds

