[2018-11-29 00:01:45.017] [exthost] [info] extension host started
[2018-11-29 00:01:45.041] [exthost] [info] ExtensionService#_doActivateExtension vscode.debug-auto-launch {"startup":true,"activationEvent":"*"}
[2018-11-29 00:01:45.041] [exthost] [info] ExtensionService#loadCommonJSModule /usr/share/code/resources/app/extensions/debug-auto-launch/dist/extension
[2018-11-29 00:01:45.047] [exthost] [info] ExtensionService#_doActivateExtension vscode.emmet {"startup":true,"activationEvent":"*"}
[2018-11-29 00:01:45.047] [exthost] [info] ExtensionService#loadCommonJSModule /usr/share/code/resources/app/extensions/emmet/dist/extension
[2018-11-29 00:01:45.069] [exthost] [info] ExtensionService#_doActivateExtension vscode.git {"startup":true,"activationEvent":"*"}
[2018-11-29 00:01:45.069] [exthost] [info] ExtensionService#loadCommonJSModule /usr/share/code/resources/app/extensions/git/dist/main
[2018-11-29 00:01:45.230] [exthost] [info] ExtensionService#_doActivateExtension vscode.merge-conflict {"startup":true,"activationEvent":"*"}
[2018-11-29 00:01:45.230] [exthost] [info] ExtensionService#loadCommonJSModule /usr/share/code/resources/app/extensions/merge-conflict/dist/extension
[2018-11-29 00:01:45.238] [exthost] [info] ExtensionService#_doActivateExtension gabrielgrinberg.auto-run-command {"startup":true,"activationEvent":"*"}
[2018-11-29 00:01:45.238] [exthost] [info] ExtensionService#loadCommonJSModule /home/jordanlanch/.vscode/extensions/gabrielgrinberg.auto-run-command-1.5.0/out/src/extension
[2018-11-29 00:01:45.241] [exthost] [info] eager extensions activated
[2018-11-29 00:01:45.304] [exthost] [info] ExtensionService#_doActivateExtension GitHub.vscode-pull-request-github {"startup":true,"activationEvent":"*"}
[2018-11-29 00:01:45.304] [exthost] [info] ExtensionService#loadCommonJSModule /home/jordanlanch/.vscode/extensions/github.vscode-pull-request-github-0.2.3/media/extension
[2018-11-29 00:01:56.318] [exthost] [info] extension host started
[2018-11-29 00:01:56.353] [exthost] [info] ExtensionService#_doActivateExtension vscode.debug-auto-launch {"startup":true,"activationEvent":"*"}
[2018-11-29 00:01:56.353] [exthost] [info] ExtensionService#loadCommonJSModule /usr/share/code/resources/app/extensions/debug-auto-launch/dist/extension
[2018-11-29 00:01:56.361] [exthost] [info] ExtensionService#_doActivateExtension vscode.emmet {"startup":true,"activationEvent":"*"}
[2018-11-29 00:01:56.361] [exthost] [info] ExtensionService#loadCommonJSModule /usr/share/code/resources/app/extensions/emmet/dist/extension
[2018-11-29 00:01:56.390] [exthost] [info] ExtensionService#_doActivateExtension vscode.git {"startup":true,"activationEvent":"*"}
[2018-11-29 00:01:56.390] [exthost] [info] ExtensionService#loadCommonJSModule /usr/share/code/resources/app/extensions/git/dist/main
[2018-11-29 00:01:56.537] [exthost] [info] ExtensionService#_doActivateExtension vscode.merge-conflict {"startup":true,"activationEvent":"*"}
[2018-11-29 00:01:56.537] [exthost] [info] ExtensionService#loadCommonJSModule /usr/share/code/resources/app/extensions/merge-conflict/dist/extension
[2018-11-29 00:01:56.545] [exthost] [info] ExtensionService#_doActivateExtension gabrielgrinberg.auto-run-command {"startup":true,"activationEvent":"*"}
[2018-11-29 00:01:56.545] [exthost] [info] ExtensionService#loadCommonJSModule /home/jordanlanch/.vscode/extensions/gabrielgrinberg.auto-run-command-1.5.0/out/src/extension
[2018-11-29 00:01:56.548] [exthost] [info] eager extensions activated
[2018-11-29 00:01:56.605] [exthost] [info] ExtensionService#_doActivateExtension GitHub.vscode-pull-request-github {"startup":true,"activationEvent":"*"}
[2018-11-29 00:01:56.605] [exthost] [info] ExtensionService#loadCommonJSModule /home/jordanlanch/.vscode/extensions/github.vscode-pull-request-github-0.2.3/media/extension
[2018-11-29 00:01:58.789] [exthost] [info] ExtensionService#_doActivateExtension ms-vscode.Go {"startup":false,"activationEvent":"onLanguage:go"}
[2018-11-29 00:01:58.789] [exthost] [info] ExtensionService#loadCommonJSModule /home/jordanlanch/.vscode/extensions/ms-vscode.go-0.7.0/out/src/goMain
[2018-11-29 00:02:01.246] [exthost] [info] ExtensionService#_doActivateExtension formulahendry.code-runner {"startup":false,"activationEvent":"onCommand:code-runner.run"}
[2018-11-29 00:02:01.246] [exthost] [info] ExtensionService#loadCommonJSModule /home/jordanlanch/.vscode/extensions/formulahendry.code-runner-0.9.5/out/src/extension
